<?xml version="1.0" encoding="UTF-8"?>
<testsuite xmlns:xsi="http://www.w3.org/2001/XMLSchema-instance" xsi:noNamespaceSchemaLocation="https://maven.apache.org/surefire/maven-failsafe-plugin/xsd/failsafe-test-report-3.0.xsd" version="3.0" name="acceptancetests.runners.UserRegistrationTest" time="102.489" tests="2" errors="1" skipped="0" failures="0">
  <properties>
[...]
</properties>
  <testcase name="User is able to enter their own information and create a new account" classname="Feature to validate creating a new account" time="58.881">
    <system-out><![CDATA[21:40:46.396 [main] WARN  i.c.junit.CucumberSerenityRunner - By default Cucumber is running in --non-strict mode.
This default will change to --strict and --non-strict will be removed.
You can use --strict or @CucumberOptions(strict = true) to suppress this warning
21:40:48.185 [main] DEBUG n.t.c.u.PropertiesFileLocalPreferences - webdriver.driver=chrome
21:40:48.185 [main] DEBUG n.t.c.u.PropertiesFileLocalPreferences - drivers.windows.webdriver.chrome.driver=src/test/resources/drivers/windows/chromedriver.exe
21:40:48.185 [main] DEBUG n.t.c.u.PropertiesFileLocalPreferences - serenity.restart.browser.for.each=feature
21:40:48.186 [main] DEBUG n.t.c.u.PropertiesFileLocalPreferences - webdriver.timeouts.implicitwait=5000
21:40:48.186 [main] DEBUG n.t.c.u.PropertiesFileLocalPreferences - chrome.switches=--start-maximized;--test-type;--no-sandbox;--ignore-certificate-errors;\n                   --disable-popup-blocking;--disable-default-apps;--disable-extensions-file-access-check;\n                   --incognito;--disable-infobars;--disable-gpu;--disable-dev-shm-usage;--allow-running-insecure-content;\n                   --window-size=1503,889
21:40:48.190 [main] DEBUG n.t.c.u.PropertiesFileLocalPreferences - drivers.mac.webdriver.chrome.driver=src/test/resources/drivers/mac/chromedriver86
21:40:48.191 [main] DEBUG n.t.c.u.PropertiesFileLocalPreferences - webdriver.autodownload=false
21:40:48.192 [main] DEBUG n.t.c.u.PropertiesFileLocalPreferences - environments.default.home.page=https://test.crowdstreet.com
21:40:48.192 [main] DEBUG n.t.c.u.PropertiesFileLocalPreferences - webdriver.timeouts.fluentwait=10000
21:40:48.192 [main] DEBUG n.t.c.u.PropertiesFileLocalPreferences - serenity.take.screenshots=FOR_FAILURES
21:40:48.193 [main] DEBUG n.t.c.u.PropertiesFileLocalPreferences - accept.insecure.certificates=true
Feature from file:///Users/sam/IdeaProjects/QAChallengeCommercialJava/src/test/resources/features/registration/userRegistration.feature
21:40:49.465 [main] DEBUG n.t.c.u.PropertiesFileLocalPreferences - webdriver.driver=chrome
21:40:49.465 [main] DEBUG n.t.c.u.PropertiesFileLocalPreferences - drivers.windows.webdriver.chrome.driver=src/test/resources/drivers/windows/chromedriver.exe
21:40:49.465 [main] DEBUG n.t.c.u.PropertiesFileLocalPreferences - serenity.restart.browser.for.each=feature
21:40:49.465 [main] DEBUG n.t.c.u.PropertiesFileLocalPreferences - webdriver.timeouts.implicitwait=5000
21:40:49.466 [main] DEBUG n.t.c.u.PropertiesFileLocalPreferences - chrome.switches=--start-maximized;--test-type;--no-sandbox;--ignore-certificate-errors;\n                   --disable-popup-blocking;--disable-default-apps;--disable-extensions-file-access-check;\n                   --incognito;--disable-infobars;--disable-gpu;--disable-dev-shm-usage;--allow-running-insecure-content;\n                   --window-size=1503,889
21:40:49.466 [main] DEBUG n.t.c.u.PropertiesFileLocalPreferences - drivers.mac.webdriver.chrome.driver=src/test/resources/drivers/mac/chromedriver86
21:40:49.466 [main] DEBUG n.t.c.u.PropertiesFileLocalPreferences - webdriver.autodownload=false
21:40:49.467 [main] DEBUG n.t.c.u.PropertiesFileLocalPreferences - environments.default.home.page=https://test.crowdstreet.com
21:40:49.468 [main] DEBUG n.t.c.u.PropertiesFileLocalPreferences - webdriver.timeouts.fluentwait=10000
21:40:49.469 [main] DEBUG n.t.c.u.PropertiesFileLocalPreferences - serenity.take.screenshots=FOR_FAILURES
21:40:49.469 [main] DEBUG n.t.c.u.PropertiesFileLocalPreferences - accept.insecure.certificates=true
21:40:49.496 [main] INFO   - 

-------------------------------------------------------------------------------------
     _______. _______ .______       _______ .__   __.  __  .___________.____    ____ 
    /       ||   ____||   _  \     |   ____||  \ |  | |  | |           |\   \  /   / 
   |   (----`|  |__   |  |_)  |    |  |__   |   \|  | |  | `---|  |----` \   \/   /  
    \   \    |   __|  |      /     |   __|  |  . `  | |  |     |  |       \_    _/   
.----)   |   |  |____ |  |\  \----.|  |____ |  |\   | |  |     |  |         |  |     
|_______/    |_______|| _| `._____||_______||__| \__| |__|     |__|         |__|    
                                                                                     
 News and tutorials at http://www.serenity-bdd.info                                  
 Documentation at https://wakaleo.gitbooks.io/the-serenity-book/content/             
 Join the Serenity Community on Gitter: https://gitter.im/serenity-bdd/serenity-core 
 Serenity BDD Support and Training at http://serenity-bdd.info/#/trainingandsupport  
-------------------------------------------------------------------------------------

21:40:49.504 [main] DEBUG n.thucydides.core.steps.StepEventBus - Test suite started for story net.thucydides.core.model.Story@c1b48e4a
21:40:49.508 [main] INFO   - Test Suite Started: Feature to validate creating a new account

Scenario Outline: User is able to enter their own information and create a new account # src/test/resources/features/registration/userRegistration.feature:11
Feature from file:///Users/sam/IdeaProjects/QAChallengeCommercialJava/src/test/resources/features/registration/userRegistration.feature
21:40:50.475 [main] INFO   - 
 _____ _____ ____ _____   ____ _____  _    ____ _____ _____ ____  
|_   _| ____/ ___|_   _| / ___|_   _|/ \  |  _ \_   _| ____|  _ \ 
  | | |  _| \___ \ | |   \___ \ | | / _ \ | |_) || | |  _| | | | |
  | | | |___ ___) || |    ___) || |/ ___ \|  _ < | | | |___| |_| |
  |_| |_____|____/ |_|   |____/ |_/_/   \_\_| \_\|_| |_____|____/ 

User is able to enter their own information and create a new account(feature-to-validate-creating-a-new-account;user-is-able-to-enter-their-own-information-and-create-a-new-account)
-------------------------------------------------------------------
21:40:50.682 [main] DEBUG n.t.c.r.m.cucumber.CucumberParser - Added feature Feature to validate creating a new account
21:40:52.430 [main] INFO  n.s.c.w.d.ProvideNewDriver - Instantiating driver
21:40:52.434 [main] INFO  n.s.c.w.d.ProvideNewDriver - Driver capabilities: Capabilities {acceptInsecureCerts: true, browserName: chrome, chrome.switches: --start-maximized;--test-ty..., goog:chromeOptions: {args: [--start-maximized, --test-type, --no-sandbox, --ignore-certificate-errors;\n, --disable-popup-blocking, --disable-default-apps, --disable-extensions-file-a..., --incognito, --disable-infobars, --disable-gpu, --disable-dev-shm-usage, --allow-running-insecure-co..., --window-size=1503,889], extensions: []}, loggingPrefs: org.openqa.selenium.logging...}
  Given User is on the CrowdStreet home page                                           # acceptancetests.steps.UserRegistrationSteps.userIsOnTheCrowdStreetHomePage()
  And User is able to click on the "CREATE AN ACCOUNT" button                          # acceptancetests.steps.UserRegistrationSteps.userIsAbleToClickOnTheButton(java.lang.String)
  When User enters their personal information and complete the registration form       # acceptancetests.steps.UserRegistrationSteps.userEntersTheirPersonalInformationAndCompleteTheRegistrationForm()
  And User clicks on the "SIGN UP" button                                              # acceptancetests.steps.UserRegistrationSteps.userClicksOnTheButton(java.lang.String)
  Then User should see that popup that says "Congrats," followed by their "USER"       # acceptancetests.steps.UserRegistrationSteps.userShouldSeeThatPopupThatSaysFollowedByTheir(java.lang.String,java.lang.String)
21:41:48.345 [main] INFO   - 
        __    _____ _____ ____ _____   ____   _    ____  ____  _____ ____  
  _     \ \  |_   _| ____/ ___|_   _| |  _ \ / \  / ___|/ ___|| ____|  _ \ 
 (_)_____| |   | | |  _| \___ \ | |   | |_) / _ \ \___ \\___ \|  _| | | | |
  _|_____| |   | | | |___ ___) || |   |  __/ ___ \ ___) |___) | |___| |_| |
 (_)     | |   |_| |_____|____/ |_|   |_| /_/   \_\____/|____/|_____|____/ 
        /_/                                                                

User is able to enter their own information and create a new account
----------------------------------------------------------------------------
]]></system-out>
    <system-err><![CDATA[Starting ChromeDriver 87.0.4280.88 (89e2380a3e36c3464b5dd1302349b1382549290d-refs/branch-heads/4280@{#1761}) on port 8612
Only local connections are allowed.
Please see https://chromedriver.chromium.org/security-considerations for suggestions on keeping ChromeDriver safe.
ChromeDriver was started successfully.
[1613961660.251][WARNING]: This version of ChromeDriver has not been tested with Chrome version 88.
Feb 21, 2021 9:41:01 PM org.openqa.selenium.remote.ProtocolHandshake createSession
INFO: Detected dialect: W3C
]]></system-err>
  </testcase>
  <testcase name="Users should be able to login with their information" classname="Feature to validate creating a new account" time="33.502">
    <error message="Timed out after 2 seconds. Element not found&#10;For documentation on this error, please visit: https://www.seleniumhq.org/exceptions/no_such_element.html&#10;Build info: version: &apos;3.141.59&apos;, revision: &apos;e82be7d358&apos;, time: &apos;2018-11-14T08:17:03&apos;&#10;System info: host: &apos;Sams-MacBook-Air.local&apos;, ip: &apos;fe80:0:0:0:1053:e236:b84d:6c1c%en0&apos;, os.name: &apos;Mac OS X&apos;, os.arch: &apos;x86_64&apos;, os.version: &apos;10.15.4&apos;, java.version: &apos;11.0.6&apos;&#10;Driver info: driver.version: unknown" type="org.openqa.selenium.NoSuchElementException"><![CDATA[org.openqa.selenium.NoSuchElementException: 
Timed out after 2 seconds. Element not found
For documentation on this error, please visit: https://www.seleniumhq.org/exceptions/no_such_element.html
Build info: version: '3.141.59', revision: 'e82be7d358', time: '2018-11-14T08:17:03'
System info: host: 'Sams-MacBook-Air.local', ip: 'fe80:0:0:0:1053:e236:b84d:6c1c%en0', os.name: 'Mac OS X', os.arch: 'x86_64', os.version: '10.15.4', java.version: '11.0.6'
Driver info: driver.version: unknown
]]></error>
    <system-out><![CDATA[
Scenario: Users should be able to login with their information                                                     # src/test/resources/features/registration/userRegistration.feature:13
Feature from file:///Users/sam/IdeaProjects/QAChallengeCommercialJava/src/test/resources/features/registration/userRegistration.feature
21:41:48.507 [main] INFO   - 
 _____ _____ ____ _____   ____ _____  _    ____ _____ _____ ____  
|_   _| ____/ ___|_   _| / ___|_   _|/ \  |  _ \_   _| ____|  _ \ 
  | | |  _| \___ \ | |   \___ \ | | / _ \ | |_) || | |  _| | | | |
  | | | |___ ___) || |    ___) || |/ ___ \|  _ < | | | |___| |_| |
  |_| |_____|____/ |_|   |____/ |_/_/   \_\_| \_\|_| |_____|____/ 

Users should be able to login with their information(feature-to-validate-creating-a-new-account;users-should-be-able-to-login-with-their-information)
-------------------------------------------------------------------
  Given User is on the CrowdStreet home page                                                                       # acceptancetests.steps.UserRegistrationSteps.userIsOnTheCrowdStreetHomePage()
  And User is able to click on "SIGN IN" button                                                                    # acceptancetests.steps.UserRegistrationSteps.userIsAbleToClickOnButton(java.lang.String)
  When User enters their personal information in the sign in page                                                  # acceptancetests.steps.UserRegistrationSteps.userEntersTheirPersonalInformationInTheSignInPage()
  And User clicks on "LOG IN NOW" button                                                                           # acceptancetests.steps.UserRegistrationSteps.userClicksOnButton(java.lang.String)
  Then User should see an account section on the top right of the page that says "HI " followed by their firstName # acceptancetests.steps.UserRegistrationSteps.userShouldSeeAnAccountSectionOnTheTopRightOfThePageThatSaysFollowedByTheirFirstName(java.lang.String)
      org.openqa.selenium.NoSuchElementException: Timed out after 2 seconds. Element not found
For documentation on this error, please visit: https://www.seleniumhq.org/exceptions/no_such_element.html
Build info: version: '3.141.59', revision: 'e82be7d358', time: '2018-11-14T08:17:03'
System info: host: 'Sams-MacBook-Air.local', ip: 'fe80:0:0:0:1053:e236:b84d:6c1c%en0', os.name: 'Mac OS X', os.arch: 'x86_64', os.version: '10.15.4', java.version: '11.0.6'
Driver info: driver.version: unknown
	at net.thucydides.core.annotations.locators.SmartAjaxElementLocator.ajaxFindElement(SmartAjaxElementLocator.java:166)
	at net.thucydides.core.annotations.locators.SmartAjaxElementLocator.findElement(SmartAjaxElementLocator.java:118)
	at net.serenitybdd.core.pages.WebElementResolverByElementLocator.resolveForDriver(WebElementResolverByElementLocator.java:30)
	at net.serenitybdd.core.pages.WebElementFacadeImpl.getResolvedELement(WebElementFacadeImpl.java:234)
	at net.serenitybdd.core.pages.WebElementFacadeImpl.getElement(WebElementFacadeImpl.java:229)
	at net.serenitybdd.core.pages.WebElementFacadeImpl.getText(WebElementFacadeImpl.java:1127)
	at java.base/jdk.internal.reflect.NativeMethodAccessorImpl.invoke0(Native Method)
	at java.base/jdk.internal.reflect.NativeMethodAccessorImpl.invoke(NativeMethodAccessorImpl.java:62)
	at java.base/jdk.internal.reflect.DelegatingMethodAccessorImpl.invoke(DelegatingMethodAccessorImpl.java:43)
	at java.base/java.lang.reflect.Method.invoke(Method.java:566)
	at net.thucydides.core.annotations.locators.AbstractSingleItemHandler.invoke(AbstractSingleItemHandler.java:45)
	at com.sun.proxy.$Proxy29.getText(Unknown Source)
	at QAChallengeCommercialJava@1.0-SNAPSHOT/acceptancetests.pages.HomePage.verifyLogin(HomePage.java:66)
	at QAChallengeCommercialJava@1.0-SNAPSHOT/acceptancetests.steps.UserRegistrationSteps.userShouldSeeAnAccountSectionOnTheTopRightOfThePageThatSaysFollowedByTheirFirstName(UserRegistrationSteps.java:82)
	at ✽.User should see an account section on the top right of the page that says "HI " followed by their firstName(file:///Users/sam/IdeaProjects/QAChallengeCommercialJava/src/test/resources/features/registration/userRegistration.feature:18)

21:42:20.305 [main] DEBUG n.s.core.photography.Darkroom - Opening darkroom
21:42:20.318 [Darkroom Processing Line] DEBUG n.s.c.p.DarkroomProcessingLine - Darkroom processing line starting up
21:42:21.718 [main] DEBUG n.s.core.photography.Darkroom - Send negative for processing for target/site/serenity/b31c30f941fbf1822c41626e9841c9d05a5ca3ffe809d2f6893a251f7b389f94.png
21:42:21.720 [Darkroom Processing Line] DEBUG n.s.c.p.DarkroomProcessingLine - Processing screenshot image in /var/screenshots/screenshot-14126713457302958538
21:42:21.720 [Darkroom Processing Line] DEBUG n.s.c.p.DarkroomProcessingLine - Saving screenshot to target/site/serenity/b31c30f941fbf1822c41626e9841c9d05a5ca3ffe809d2f6893a251f7b389f94.png
]]></system-out>
  </testcase>
</testsuite>